2026-01-23 13:45:12.345 INFO [payment-service] Starting payment processing service v1.2.3
2026-01-23 13:45:12.456 INFO [payment-service] Connected to database: postgresql://prod-db:5432/payments
2026-01-23 13:45:15.789 INFO [payment-service] Health check endpoint active at /health
2026-01-23 14:15:32.123 INFO [payment-service] Processing payment request: transaction_id=TX-00123
2026-01-23 14:15:32.234 INFO [payment-service] Payment validation successful for user_id=USER-456
2026-01-23 14:15:32.456 INFO [payment-service] Payment completed: TX-00123, amount=$125.50
2026-01-23 14:23:45.123 ERROR [payment-service] Connection timeout to database: postgresql://prod-db:5432/payments
2026-01-23 14:23:45.234 ERROR [payment-service] Failed to process payment: TX-00124
2026-01-23 14:23:45.456 ERROR [payment-service] Traceback (most recent call last):
2026-01-23 14:23:45.457 ERROR [payment-service]   File "/app/payment_processor.py", line 42, in process_payment
2026-01-23 14:23:45.458 ERROR [payment-service]     result = db.execute(query, timeout=5)
2026-01-23 14:23:45.459 ERROR [payment-service]   File "/app/database.py", line 156, in execute
2026-01-23 14:23:45.460 ERROR [payment-service]     conn = self.pool.get_connection()
2026-01-23 14:23:45.461 ERROR [payment-service] psycopg2.OperationalError: could not connect to server: Connection timed out
2026-01-23 14:23:46.789 ERROR [payment-service] Connection timeout to database: postgresql://prod-db:5432/payments
2026-01-23 14:23:47.123 ERROR [payment-service] Failed to process payment: TX-00125
2026-01-23 14:23:48.456 ERROR [payment-service] Connection timeout to database: postgresql://prod-db:5432/payments
2026-01-23 14:23:49.789 ERROR [payment-service] Failed to process payment: TX-00126
2026-01-23 14:23:50.123 CRITICAL [payment-service] Database connection pool exhausted: 0/10 connections available
2026-01-23 14:23:51.456 ERROR [payment-service] Connection timeout to database: postgresql://prod-db:5432/payments
2026-01-23 14:23:52.789 ERROR [payment-service] Failed to process payment: TX-00127
2026-01-23 14:24:01.234 ERROR [payment-service] Connection timeout to database: postgresql://prod-db:5432/payments
2026-01-23 14:24:02.567 ERROR [payment-service] Failed to process payment: TX-00128
2026-01-23 14:24:05.890 WARN [payment-service] Circuit breaker activated for database connections
2026-01-23 14:24:06.123 ERROR [payment-service] Payment processing unavailable: service degraded
2026-01-23 14:24:10.456 INFO [payment-service] Attempting database reconnection...
2026-01-23 14:24:11.789 ERROR [payment-service] Reconnection failed: Connection timeout
2026-01-23 14:24:15.123 ERROR [payment-service] Connection timeout to database: postgresql://prod-db:5432/payments
2026-01-23 14:24:20.456 ERROR [payment-service] Failed to process payment: TX-00129
2026-01-23 14:25:00.123 INFO [payment-service] Manual intervention: restarting database connection pool
2026-01-23 14:25:01.456 INFO [payment-service] Successfully reconnected to database
2026-01-23 14:25:02.789 INFO [payment-service] Circuit breaker reset
2026-01-23 14:25:05.123 INFO [payment-service] Processing payment request: transaction_id=TX-00130
2026-01-23 14:25:05.456 INFO [payment-service] Payment completed: TX-00130, amount=$89.99
2026-01-23 14:23:45 ERROR DatabaseTimeout: Connection to postgres timed out after 30s
